[INFO ] 2016-03-15 15:07:53 org.springframework.beans.factory.xml.XmlBeanDefinitionReader@(XmlBeanDefinitionReader.java:316):Loading XML bean definitions from URL [file:/E:/eclipseworkspace/lawilet45/target/classes/applicationContext.xml]
 [INFO ] 2016-03-15 15:07:53 org.springframework.context.support.AbstractApplicationContext@(AbstractApplicationContext.java:513):Refreshing org.springframework.context.support.GenericApplicationContext@17550481: startup date [Tue Mar 15 15:07:53 CST 2016]; root of context hierarchy
 [INFO ] 2016-03-15 15:07:54 org.springframework.core.io.support.PropertiesLoaderSupport@(PropertiesLoaderSupport.java:172):Loading properties file from URL [file:/E:/eclipseworkspace/lawilet45/target/classes/application.properties]
 [INFO ] 2016-03-15 15:07:54 org.springframework.context.support.PostProcessorRegistrationDelegate$BeanPostProcessorChecker@(PostProcessorRegistrationDelegate.java:309):Bean 'org.springframework.aop.support.DefaultBeanFactoryPointcutAdvisor#0' of type [class org.springframework.aop.support.DefaultBeanFactoryPointcutAdvisor] is not eligible for getting processed by all BeanPostProcessors (for example: not eligible for auto-proxying)
 [INFO ] 2016-03-15 15:07:54 org.springframework.context.support.PostProcessorRegistrationDelegate$BeanPostProcessorChecker@(PostProcessorRegistrationDelegate.java:309):Bean 'org.springframework.cache.annotation.AnnotationCacheOperationSource#0' of type [class org.springframework.cache.annotation.AnnotationCacheOperationSource] is not eligible for getting processed by all BeanPostProcessors (for example: not eligible for auto-proxying)
 [INFO ] 2016-03-15 15:07:54 org.springframework.context.support.PostProcessorRegistrationDelegate$BeanPostProcessorChecker@(PostProcessorRegistrationDelegate.java:309):Bean 'org.springframework.cache.config.internalCacheAdvisor' of type [class org.springframework.cache.interceptor.BeanFactoryCacheOperationSourceAdvisor] is not eligible for getting processed by all BeanPostProcessors (for example: not eligible for auto-proxying)
 [INFO ] 2016-03-15 15:07:54 org.springframework.context.support.PostProcessorRegistrationDelegate$BeanPostProcessorChecker@(PostProcessorRegistrationDelegate.java:309):Bean 'org.springframework.transaction.annotation.AnnotationTransactionAttributeSource#0' of type [class org.springframework.transaction.annotation.AnnotationTransactionAttributeSource] is not eligible for getting processed by all BeanPostProcessors (for example: not eligible for auto-proxying)
 [INFO ] 2016-03-15 15:07:54 org.springframework.context.support.PostProcessorRegistrationDelegate$BeanPostProcessorChecker@(PostProcessorRegistrationDelegate.java:309):Bean 'org.springframework.transaction.config.internalTransactionAdvisor' of type [class org.springframework.transaction.interceptor.BeanFactoryTransactionAttributeSourceAdvisor] is not eligible for getting processed by all BeanPostProcessors (for example: not eligible for auto-proxying)
 [INFO ] 2016-03-15 15:07:55 com.alibaba.druid.pool.DruidDataSource@(DruidDataSource.java:638):{dataSource-1} inited
 [INFO ] 2016-03-15 15:07:56 org.springframework.cache.ehcache.EhCacheManagerFactoryBean@(EhCacheManagerFactoryBean.java:136):Initializing EhCache CacheManager
 [WARN ] 2016-03-15 15:07:56 net.sf.ehcache.config.CacheConfiguration@(CacheConfiguration.java:808):Cache 'null' is set to eternal but also has TTI/TTL set.  To avoid this warning, clean up the config removing conflicting values of eternal, TTI and TTL. Effective configuration for Cache 'null' will be eternal='true', timeToIdleSeconds='0', timeToLiveSeconds='0'.
 [INFO ] 2016-03-15 15:07:56 com.eliteams.quick4j.core.feature.test.TestSupport@(TestSupport.java:43):
开始时间 : 1458025676566
结束时间 : 1458025676720
执行时间 : 154
 [INFO ] 2016-03-15 15:07:56 org.springframework.context.support.AbstractApplicationContext@(AbstractApplicationContext.java:873):Closing org.springframework.context.support.GenericApplicationContext@17550481: startup date [Tue Mar 15 15:07:53 CST 2016]; root of context hierarchy
 [INFO ] 2016-03-15 15:07:56 org.springframework.cache.ehcache.EhCacheManagerFactoryBean@(EhCacheManagerFactoryBean.java:196):Shutting down EhCache CacheManager
 [INFO ] 2016-03-15 15:07:56 com.alibaba.druid.pool.DruidDataSource@(DruidDataSource.java:1288):{dataSource-1} closed
 [INFO ] 2016-03-15 15:18:21 org.springframework.beans.factory.xml.XmlBeanDefinitionReader@(XmlBeanDefinitionReader.java:316):Loading XML bean definitions from URL [file:/E:/eclipseworkspace/lawilet45/target/classes/applicationContext.xml]
 [INFO ] 2016-03-15 15:18:21 org.springframework.context.support.AbstractApplicationContext@(AbstractApplicationContext.java:513):Refreshing org.springframework.context.support.GenericApplicationContext@17550481: startup date [Tue Mar 15 15:18:21 CST 2016]; root of context hierarchy
 [INFO ] 2016-03-15 15:18:21 org.springframework.core.io.support.PropertiesLoaderSupport@(PropertiesLoaderSupport.java:172):Loading properties file from URL [file:/E:/eclipseworkspace/lawilet45/target/classes/application.properties]
 [INFO ] 2016-03-15 15:18:21 org.springframework.context.support.PostProcessorRegistrationDelegate$BeanPostProcessorChecker@(PostProcessorRegistrationDelegate.java:309):Bean 'org.springframework.aop.support.DefaultBeanFactoryPointcutAdvisor#0' of type [class org.springframework.aop.support.DefaultBeanFactoryPointcutAdvisor] is not eligible for getting processed by all BeanPostProcessors (for example: not eligible for auto-proxying)
 [INFO ] 2016-03-15 15:18:21 org.springframework.context.support.PostProcessorRegistrationDelegate$BeanPostProcessorChecker@(PostProcessorRegistrationDelegate.java:309):Bean 'org.springframework.cache.annotation.AnnotationCacheOperationSource#0' of type [class org.springframework.cache.annotation.AnnotationCacheOperationSource] is not eligible for getting processed by all BeanPostProcessors (for example: not eligible for auto-proxying)
 [INFO ] 2016-03-15 15:18:22 org.springframework.context.support.PostProcessorRegistrationDelegate$BeanPostProcessorChecker@(PostProcessorRegistrationDelegate.java:309):Bean 'org.springframework.cache.config.internalCacheAdvisor' of type [class org.springframework.cache.interceptor.BeanFactoryCacheOperationSourceAdvisor] is not eligible for getting processed by all BeanPostProcessors (for example: not eligible for auto-proxying)
 [INFO ] 2016-03-15 15:18:22 org.springframework.context.support.PostProcessorRegistrationDelegate$BeanPostProcessorChecker@(PostProcessorRegistrationDelegate.java:309):Bean 'org.springframework.transaction.annotation.AnnotationTransactionAttributeSource#0' of type [class org.springframework.transaction.annotation.AnnotationTransactionAttributeSource] is not eligible for getting processed by all BeanPostProcessors (for example: not eligible for auto-proxying)
 [INFO ] 2016-03-15 15:18:22 org.springframework.context.support.PostProcessorRegistrationDelegate$BeanPostProcessorChecker@(PostProcessorRegistrationDelegate.java:309):Bean 'org.springframework.transaction.config.internalTransactionAdvisor' of type [class org.springframework.transaction.interceptor.BeanFactoryTransactionAttributeSourceAdvisor] is not eligible for getting processed by all BeanPostProcessors (for example: not eligible for auto-proxying)
 [INFO ] 2016-03-15 15:18:22 com.alibaba.druid.pool.DruidDataSource@(DruidDataSource.java:638):{dataSource-1} inited
 [INFO ] 2016-03-15 15:18:23 org.springframework.cache.ehcache.EhCacheManagerFactoryBean@(EhCacheManagerFactoryBean.java:136):Initializing EhCache CacheManager
 [WARN ] 2016-03-15 15:18:23 net.sf.ehcache.config.CacheConfiguration@(CacheConfiguration.java:808):Cache 'null' is set to eternal but also has TTI/TTL set.  To avoid this warning, clean up the config removing conflicting values of eternal, TTI and TTL. Effective configuration for Cache 'null' will be eternal='true', timeToIdleSeconds='0', timeToLiveSeconds='0'.
 [INFO ] 2016-03-15 15:18:23 com.eliteams.quick4j.core.feature.test.TestSupport@(TestSupport.java:43):
开始时间 : 1458026303804
结束时间 : 1458026303963
执行时间 : 159
 [INFO ] 2016-03-15 15:18:23 org.springframework.context.support.AbstractApplicationContext@(AbstractApplicationContext.java:873):Closing org.springframework.context.support.GenericApplicationContext@17550481: startup date [Tue Mar 15 15:18:21 CST 2016]; root of context hierarchy
 [INFO ] 2016-03-15 15:18:23 org.springframework.cache.ehcache.EhCacheManagerFactoryBean@(EhCacheManagerFactoryBean.java:196):Shutting down EhCache CacheManager
 [INFO ] 2016-03-15 15:18:23 com.alibaba.druid.pool.DruidDataSource@(DruidDataSource.java:1288):{dataSource-1} closed
 [INFO ] 2016-03-15 15:19:00 org.springframework.beans.factory.xml.XmlBeanDefinitionReader@(XmlBeanDefinitionReader.java:316):Loading XML bean definitions from URL [file:/E:/eclipseworkspace/lawilet45/target/classes/applicationContext.xml]
 [INFO ] 2016-03-15 15:19:01 org.springframework.context.support.AbstractApplicationContext@(AbstractApplicationContext.java:513):Refreshing org.springframework.context.support.GenericApplicationContext@c540f5a: startup date [Tue Mar 15 15:19:01 CST 2016]; root of context hierarchy
 [INFO ] 2016-03-15 15:19:01 org.springframework.core.io.support.PropertiesLoaderSupport@(PropertiesLoaderSupport.java:172):Loading properties file from URL [file:/E:/eclipseworkspace/lawilet45/target/classes/application.properties]
 [INFO ] 2016-03-15 15:19:01 org.springframework.context.support.PostProcessorRegistrationDelegate$BeanPostProcessorChecker@(PostProcessorRegistrationDelegate.java:309):Bean 'org.springframework.aop.support.DefaultBeanFactoryPointcutAdvisor#0' of type [class org.springframework.aop.support.DefaultBeanFactoryPointcutAdvisor] is not eligible for getting processed by all BeanPostProcessors (for example: not eligible for auto-proxying)
 [INFO ] 2016-03-15 15:19:01 org.springframework.context.support.PostProcessorRegistrationDelegate$BeanPostProcessorChecker@(PostProcessorRegistrationDelegate.java:309):Bean 'org.springframework.cache.annotation.AnnotationCacheOperationSource#0' of type [class org.springframework.cache.annotation.AnnotationCacheOperationSource] is not eligible for getting processed by all BeanPostProcessors (for example: not eligible for auto-proxying)
 [INFO ] 2016-03-15 15:19:01 org.springframework.context.support.PostProcessorRegistrationDelegate$BeanPostProcessorChecker@(PostProcessorRegistrationDelegate.java:309):Bean 'org.springframework.cache.config.internalCacheAdvisor' of type [class org.springframework.cache.interceptor.BeanFactoryCacheOperationSourceAdvisor] is not eligible for getting processed by all BeanPostProcessors (for example: not eligible for auto-proxying)
 [INFO ] 2016-03-15 15:19:01 org.springframework.context.support.PostProcessorRegistrationDelegate$BeanPostProcessorChecker@(PostProcessorRegistrationDelegate.java:309):Bean 'org.springframework.transaction.annotation.AnnotationTransactionAttributeSource#0' of type [class org.springframework.transaction.annotation.AnnotationTransactionAttributeSource] is not eligible for getting processed by all BeanPostProcessors (for example: not eligible for auto-proxying)
 [INFO ] 2016-03-15 15:19:01 org.springframework.context.support.PostProcessorRegistrationDelegate$BeanPostProcessorChecker@(PostProcessorRegistrationDelegate.java:309):Bean 'org.springframework.transaction.config.internalTransactionAdvisor' of type [class org.springframework.transaction.interceptor.BeanFactoryTransactionAttributeSourceAdvisor] is not eligible for getting processed by all BeanPostProcessors (for example: not eligible for auto-proxying)
 [INFO ] 2016-03-15 15:19:02 com.alibaba.druid.pool.DruidDataSource@(DruidDataSource.java:638):{dataSource-1} inited
 [INFO ] 2016-03-15 15:19:03 org.springframework.cache.ehcache.EhCacheManagerFactoryBean@(EhCacheManagerFactoryBean.java:136):Initializing EhCache CacheManager
 [WARN ] 2016-03-15 15:19:03 net.sf.ehcache.config.CacheConfiguration@(CacheConfiguration.java:808):Cache 'null' is set to eternal but also has TTI/TTL set.  To avoid this warning, clean up the config removing conflicting values of eternal, TTI and TTL. Effective configuration for Cache 'null' will be eternal='true', timeToIdleSeconds='0', timeToLiveSeconds='0'.
 [INFO ] 2016-03-15 15:19:39 com.eliteams.quick4j.core.feature.test.TestSupport@(TestSupport.java:43):
开始时间 : 1458026343828
结束时间 : 1458026379491
执行时间 : 35663
 [INFO ] 2016-03-15 15:19:39 org.springframework.context.support.AbstractApplicationContext@(AbstractApplicationContext.java:873):Closing org.springframework.context.support.GenericApplicationContext@c540f5a: startup date [Tue Mar 15 15:19:01 CST 2016]; root of context hierarchy
 [INFO ] 2016-03-15 15:19:39 org.springframework.cache.ehcache.EhCacheManagerFactoryBean@(EhCacheManagerFactoryBean.java:196):Shutting down EhCache CacheManager
 [INFO ] 2016-03-15 15:19:39 com.alibaba.druid.pool.DruidDataSource@(DruidDataSource.java:1288):{dataSource-1} closed
 [INFO ] 2016-03-15 15:19:58 org.springframework.beans.factory.xml.XmlBeanDefinitionReader@(XmlBeanDefinitionReader.java:316):Loading XML bean definitions from URL [file:/E:/eclipseworkspace/lawilet45/target/classes/applicationContext.xml]
 [INFO ] 2016-03-15 15:19:59 org.springframework.context.support.AbstractApplicationContext@(AbstractApplicationContext.java:513):Refreshing org.springframework.context.support.GenericApplicationContext@17550481: startup date [Tue Mar 15 15:19:59 CST 2016]; root of context hierarchy
 [INFO ] 2016-03-15 15:19:59 org.springframework.core.io.support.PropertiesLoaderSupport@(PropertiesLoaderSupport.java:172):Loading properties file from URL [file:/E:/eclipseworkspace/lawilet45/target/classes/application.properties]
 [INFO ] 2016-03-15 15:19:59 org.springframework.context.support.PostProcessorRegistrationDelegate$BeanPostProcessorChecker@(PostProcessorRegistrationDelegate.java:309):Bean 'org.springframework.aop.support.DefaultBeanFactoryPointcutAdvisor#0' of type [class org.springframework.aop.support.DefaultBeanFactoryPointcutAdvisor] is not eligible for getting processed by all BeanPostProcessors (for example: not eligible for auto-proxying)
 [INFO ] 2016-03-15 15:19:59 org.springframework.context.support.PostProcessorRegistrationDelegate$BeanPostProcessorChecker@(PostProcessorRegistrationDelegate.java:309):Bean 'org.springframework.cache.annotation.AnnotationCacheOperationSource#0' of type [class org.springframework.cache.annotation.AnnotationCacheOperationSource] is not eligible for getting processed by all BeanPostProcessors (for example: not eligible for auto-proxying)
 [INFO ] 2016-03-15 15:19:59 org.springframework.context.support.PostProcessorRegistrationDelegate$BeanPostProcessorChecker@(PostProcessorRegistrationDelegate.java:309):Bean 'org.springframework.cache.config.internalCacheAdvisor' of type [class org.springframework.cache.interceptor.BeanFactoryCacheOperationSourceAdvisor] is not eligible for getting processed by all BeanPostProcessors (for example: not eligible for auto-proxying)
 [INFO ] 2016-03-15 15:19:59 org.springframework.context.support.PostProcessorRegistrationDelegate$BeanPostProcessorChecker@(PostProcessorRegistrationDelegate.java:309):Bean 'org.springframework.transaction.annotation.AnnotationTransactionAttributeSource#0' of type [class org.springframework.transaction.annotation.AnnotationTransactionAttributeSource] is not eligible for getting processed by all BeanPostProcessors (for example: not eligible for auto-proxying)
 [INFO ] 2016-03-15 15:19:59 org.springframework.context.support.PostProcessorRegistrationDelegate$BeanPostProcessorChecker@(PostProcessorRegistrationDelegate.java:309):Bean 'org.springframework.transaction.config.internalTransactionAdvisor' of type [class org.springframework.transaction.interceptor.BeanFactoryTransactionAttributeSourceAdvisor] is not eligible for getting processed by all BeanPostProcessors (for example: not eligible for auto-proxying)
 [INFO ] 2016-03-15 15:20:00 com.alibaba.druid.pool.DruidDataSource@(DruidDataSource.java:638):{dataSource-1} inited
 [INFO ] 2016-03-15 15:20:01 org.springframework.cache.ehcache.EhCacheManagerFactoryBean@(EhCacheManagerFactoryBean.java:136):Initializing EhCache CacheManager
 [WARN ] 2016-03-15 15:20:01 net.sf.ehcache.config.CacheConfiguration@(CacheConfiguration.java:808):Cache 'null' is set to eternal but also has TTI/TTL set.  To avoid this warning, clean up the config removing conflicting values of eternal, TTI and TTL. Effective configuration for Cache 'null' will be eternal='true', timeToIdleSeconds='0', timeToLiveSeconds='0'.
 [INFO ] 2016-03-15 15:20:01 com.eliteams.quick4j.core.feature.test.TestSupport@(TestSupport.java:43):
开始时间 : 1458026401339
结束时间 : 1458026401518
执行时间 : 179
 [INFO ] 2016-03-15 15:20:01 org.springframework.context.support.AbstractApplicationContext@(AbstractApplicationContext.java:873):Closing org.springframework.context.support.GenericApplicationContext@17550481: startup date [Tue Mar 15 15:19:59 CST 2016]; root of context hierarchy
 [INFO ] 2016-03-15 15:20:01 org.springframework.cache.ehcache.EhCacheManagerFactoryBean@(EhCacheManagerFactoryBean.java:196):Shutting down EhCache CacheManager
 [INFO ] 2016-03-15 15:20:01 com.alibaba.druid.pool.DruidDataSource@(DruidDataSource.java:1288):{dataSource-1} closed
 [INFO ] 2016-03-15 15:31:17 org.springframework.beans.factory.xml.XmlBeanDefinitionReader@(XmlBeanDefinitionReader.java:316):Loading XML bean definitions from URL [file:/E:/eclipseworkspace/lawilet45/target/classes/applicationContext.xml]
 [INFO ] 2016-03-15 15:31:17 org.springframework.context.support.AbstractApplicationContext@(AbstractApplicationContext.java:513):Refreshing org.springframework.context.support.GenericApplicationContext@17550481: startup date [Tue Mar 15 15:31:17 CST 2016]; root of context hierarchy
 [INFO ] 2016-03-15 15:31:18 org.springframework.core.io.support.PropertiesLoaderSupport@(PropertiesLoaderSupport.java:172):Loading properties file from URL [file:/E:/eclipseworkspace/lawilet45/target/classes/application.properties]
 [INFO ] 2016-03-15 15:31:18 org.springframework.context.support.PostProcessorRegistrationDelegate$BeanPostProcessorChecker@(PostProcessorRegistrationDelegate.java:309):Bean 'org.springframework.aop.support.DefaultBeanFactoryPointcutAdvisor#0' of type [class org.springframework.aop.support.DefaultBeanFactoryPointcutAdvisor] is not eligible for getting processed by all BeanPostProcessors (for example: not eligible for auto-proxying)
 [INFO ] 2016-03-15 15:31:18 org.springframework.context.support.PostProcessorRegistrationDelegate$BeanPostProcessorChecker@(PostProcessorRegistrationDelegate.java:309):Bean 'org.springframework.cache.annotation.AnnotationCacheOperationSource#0' of type [class org.springframework.cache.annotation.AnnotationCacheOperationSource] is not eligible for getting processed by all BeanPostProcessors (for example: not eligible for auto-proxying)
 [INFO ] 2016-03-15 15:31:18 org.springframework.context.support.PostProcessorRegistrationDelegate$BeanPostProcessorChecker@(PostProcessorRegistrationDelegate.java:309):Bean 'org.springframework.cache.config.internalCacheAdvisor' of type [class org.springframework.cache.interceptor.BeanFactoryCacheOperationSourceAdvisor] is not eligible for getting processed by all BeanPostProcessors (for example: not eligible for auto-proxying)
 [INFO ] 2016-03-15 15:31:18 org.springframework.context.support.PostProcessorRegistrationDelegate$BeanPostProcessorChecker@(PostProcessorRegistrationDelegate.java:309):Bean 'org.springframework.transaction.annotation.AnnotationTransactionAttributeSource#0' of type [class org.springframework.transaction.annotation.AnnotationTransactionAttributeSource] is not eligible for getting processed by all BeanPostProcessors (for example: not eligible for auto-proxying)
 [INFO ] 2016-03-15 15:31:18 org.springframework.context.support.PostProcessorRegistrationDelegate$BeanPostProcessorChecker@(PostProcessorRegistrationDelegate.java:309):Bean 'org.springframework.transaction.config.internalTransactionAdvisor' of type [class org.springframework.transaction.interceptor.BeanFactoryTransactionAttributeSourceAdvisor] is not eligible for getting processed by all BeanPostProcessors (for example: not eligible for auto-proxying)
 [INFO ] 2016-03-15 15:31:19 com.alibaba.druid.pool.DruidDataSource@(DruidDataSource.java:638):{dataSource-1} inited
 [INFO ] 2016-03-15 15:31:19 org.springframework.cache.ehcache.EhCacheManagerFactoryBean@(EhCacheManagerFactoryBean.java:136):Initializing EhCache CacheManager
 [WARN ] 2016-03-15 15:31:20 net.sf.ehcache.config.CacheConfiguration@(CacheConfiguration.java:808):Cache 'null' is set to eternal but also has TTI/TTL set.  To avoid this warning, clean up the config removing conflicting values of eternal, TTI and TTL. Effective configuration for Cache 'null' will be eternal='true', timeToIdleSeconds='0', timeToLiveSeconds='0'.
 [INFO ] 2016-03-15 15:31:20 com.eliteams.quick4j.core.feature.test.TestSupport@(TestSupport.java:43):
开始时间 : 1458027080180
结束时间 : 1458027080292
执行时间 : 112
 [INFO ] 2016-03-15 15:31:20 org.springframework.context.support.AbstractApplicationContext@(AbstractApplicationContext.java:873):Closing org.springframework.context.support.GenericApplicationContext@17550481: startup date [Tue Mar 15 15:31:17 CST 2016]; root of context hierarchy
 [INFO ] 2016-03-15 15:31:20 org.springframework.cache.ehcache.EhCacheManagerFactoryBean@(EhCacheManagerFactoryBean.java:196):Shutting down EhCache CacheManager
 [INFO ] 2016-03-15 15:31:20 com.alibaba.druid.pool.DruidDataSource@(DruidDataSource.java:1288):{dataSource-1} closed
 [INFO ] 2016-03-15 15:31:31 org.springframework.beans.factory.xml.XmlBeanDefinitionReader@(XmlBeanDefinitionReader.java:316):Loading XML bean definitions from URL [file:/E:/eclipseworkspace/lawilet45/target/classes/applicationContext.xml]
 [INFO ] 2016-03-15 15:31:31 org.springframework.context.support.AbstractApplicationContext@(AbstractApplicationContext.java:513):Refreshing org.springframework.context.support.GenericApplicationContext@c540f5a: startup date [Tue Mar 15 15:31:31 CST 2016]; root of context hierarchy
 [INFO ] 2016-03-15 15:31:32 org.springframework.core.io.support.PropertiesLoaderSupport@(PropertiesLoaderSupport.java:172):Loading properties file from URL [file:/E:/eclipseworkspace/lawilet45/target/classes/application.properties]
 [INFO ] 2016-03-15 15:31:32 org.springframework.context.support.PostProcessorRegistrationDelegate$BeanPostProcessorChecker@(PostProcessorRegistrationDelegate.java:309):Bean 'org.springframework.aop.support.DefaultBeanFactoryPointcutAdvisor#0' of type [class org.springframework.aop.support.DefaultBeanFactoryPointcutAdvisor] is not eligible for getting processed by all BeanPostProcessors (for example: not eligible for auto-proxying)
 [INFO ] 2016-03-15 15:31:32 org.springframework.context.support.PostProcessorRegistrationDelegate$BeanPostProcessorChecker@(PostProcessorRegistrationDelegate.java:309):Bean 'org.springframework.cache.annotation.AnnotationCacheOperationSource#0' of type [class org.springframework.cache.annotation.AnnotationCacheOperationSource] is not eligible for getting processed by all BeanPostProcessors (for example: not eligible for auto-proxying)
 [INFO ] 2016-03-15 15:31:32 org.springframework.context.support.PostProcessorRegistrationDelegate$BeanPostProcessorChecker@(PostProcessorRegistrationDelegate.java:309):Bean 'org.springframework.cache.config.internalCacheAdvisor' of type [class org.springframework.cache.interceptor.BeanFactoryCacheOperationSourceAdvisor] is not eligible for getting processed by all BeanPostProcessors (for example: not eligible for auto-proxying)
 [INFO ] 2016-03-15 15:31:32 org.springframework.context.support.PostProcessorRegistrationDelegate$BeanPostProcessorChecker@(PostProcessorRegistrationDelegate.java:309):Bean 'org.springframework.transaction.annotation.AnnotationTransactionAttributeSource#0' of type [class org.springframework.transaction.annotation.AnnotationTransactionAttributeSource] is not eligible for getting processed by all BeanPostProcessors (for example: not eligible for auto-proxying)
 [INFO ] 2016-03-15 15:31:32 org.springframework.context.support.PostProcessorRegistrationDelegate$BeanPostProcessorChecker@(PostProcessorRegistrationDelegate.java:309):Bean 'org.springframework.transaction.config.internalTransactionAdvisor' of type [class org.springframework.transaction.interceptor.BeanFactoryTransactionAttributeSourceAdvisor] is not eligible for getting processed by all BeanPostProcessors (for example: not eligible for auto-proxying)
 [INFO ] 2016-03-15 15:31:33 com.alibaba.druid.pool.DruidDataSource@(DruidDataSource.java:638):{dataSource-1} inited
 [INFO ] 2016-03-15 15:31:34 org.springframework.cache.ehcache.EhCacheManagerFactoryBean@(EhCacheManagerFactoryBean.java:136):Initializing EhCache CacheManager
 [WARN ] 2016-03-15 15:31:34 net.sf.ehcache.config.CacheConfiguration@(CacheConfiguration.java:808):Cache 'null' is set to eternal but also has TTI/TTL set.  To avoid this warning, clean up the config removing conflicting values of eternal, TTI and TTL. Effective configuration for Cache 'null' will be eternal='true', timeToIdleSeconds='0', timeToLiveSeconds='0'.
 [INFO ] 2016-03-15 15:32:03 com.eliteams.quick4j.core.feature.test.TestSupport@(TestSupport.java:43):
开始时间 : 1458027094743
结束时间 : 1458027123365
执行时间 : 28622
 [INFO ] 2016-03-15 15:32:03 org.springframework.context.support.AbstractApplicationContext@(AbstractApplicationContext.java:873):Closing org.springframework.context.support.GenericApplicationContext@c540f5a: startup date [Tue Mar 15 15:31:31 CST 2016]; root of context hierarchy
 [INFO ] 2016-03-15 15:32:03 org.springframework.cache.ehcache.EhCacheManagerFactoryBean@(EhCacheManagerFactoryBean.java:196):Shutting down EhCache CacheManager
 [INFO ] 2016-03-15 15:32:03 com.alibaba.druid.pool.DruidDataSource@(DruidDataSource.java:1288):{dataSource-1} closed
 